<?xml version="1.0" encoding="UTF-8"?>
<testng-results ignored="0" total="3" passed="3" failed="0" skipped="0">
  <reporter-output>
  </reporter-output>
  <suite started-at="2025-09-07T19:40:43 IST" name="Default suite" finished-at="2025-09-07T19:41:10 IST" duration-ms="27093">
    <groups>
      <group name="cucumber">
        <method signature="AbstractTestNGCucumberTests.runScenario(io.cucumber.testng.PickleWrapper,io.cucumber.testng.FeatureWrapper)[pri:0, instance:runners.TestRunner@e1de817]" name="runScenario" class="io.cucumber.testng.AbstractTestNGCucumberTests"/>
      </group> <!-- cucumber -->
    </groups>
    <test started-at="2025-09-07T19:40:43 IST" name="Default test" finished-at="2025-09-07T19:41:10 IST" duration-ms="27093">
      <class name="runners.TestRunner">
        <test-method is-config="true" signature="setUpClass(org.testng.ITestContext)[pri:0, instance:runners.TestRunner@e1de817]" started-at="2025-09-07T19:40:43 IST" name="setUpClass" finished-at="2025-09-07T19:40:43 IST" duration-ms="533" status="PASS">
          <params>
            <param index="0">
              <value>
                <![CDATA[org.testng.TestRunner@67f9cb52]]>
              </value>
            </param>
          </params>
          <reporter-output>
          </reporter-output>
        </test-method> <!-- setUpClass -->
        <test-method signature="runScenario(io.cucumber.testng.PickleWrapper,io.cucumber.testng.FeatureWrapper)[pri:0, instance:runners.TestRunner@e1de817]" started-at="2025-09-07T19:40:44 IST" name="runScenario" description="Runs Cucumber Scenarios" data-provider="scenarios" finished-at="2025-09-07T19:40:54 IST" duration-ms="10661" status="PASS">
          <params>
            <param index="0">
              <value>
                <![CDATA["Search for a product"]]>
              </value>
            </param>
            <param index="1">
              <value>
                <![CDATA["Product Search and Navigation"]]>
              </value>
            </param>
          </params>
          <reporter-output>
          </reporter-output>
        </test-method> <!-- runScenario -->
        <test-method signature="runScenario(io.cucumber.testng.PickleWrapper,io.cucumber.testng.FeatureWrapper)[pri:0, instance:runners.TestRunner@e1de817]" started-at="2025-09-07T19:40:54 IST" name="runScenario" description="Runs Cucumber Scenarios" data-provider="scenarios" finished-at="2025-09-07T19:41:02 IST" duration-ms="8134" status="PASS">
          <params>
            <param index="0">
              <value>
                <![CDATA["Navigate to Computers → Desktops"]]>
              </value>
            </param>
            <param index="1">
              <value>
                <![CDATA["Product Search and Navigation"]]>
              </value>
            </param>
          </params>
          <reporter-output>
          </reporter-output>
        </test-method> <!-- runScenario -->
        <test-method signature="runScenario(io.cucumber.testng.PickleWrapper,io.cucumber.testng.FeatureWrapper)[pri:0, instance:runners.TestRunner@e1de817]" started-at="2025-09-07T19:41:02 IST" name="runScenario" description="Runs Cucumber Scenarios" data-provider="scenarios" finished-at="2025-09-07T19:41:10 IST" duration-ms="7671" status="PASS">
          <params>
            <param index="0">
              <value>
                <![CDATA["Add first product to cart"]]>
              </value>
            </param>
            <param index="1">
              <value>
                <![CDATA["Product Search and Navigation"]]>
              </value>
            </param>
          </params>
          <reporter-output>
          </reporter-output>
        </test-method> <!-- runScenario -->
        <test-method is-config="true" signature="tearDownClass()[pri:0, instance:runners.TestRunner@e1de817]" started-at="2025-09-07T19:41:10 IST" name="tearDownClass" finished-at="2025-09-07T19:41:10 IST" duration-ms="38" status="PASS">
          <reporter-output>
          </reporter-output>
        </test-method> <!-- tearDownClass -->
      </class> <!-- runners.TestRunner -->
    </test> <!-- Default test -->
  </suite> <!-- Default suite -->
</testng-results>
