<?xml version="1.0" encoding="UTF-8"?>
<!-- Generated by org.testng.reporters.JUnitXMLReporter -->
<testsuite ignored="0" hostname="DESKTOP-R8IOJLM" failures="0" tests="10" name="AllTests" time="34.028" errors="0" timestamp="2025-09-07T20:01:06 IST">
  <testcase classname="testcases.LoginTest" name="validLoginTest" time="1.312"/>
  <testcase classname="testcases.LoginTest" name="invalidEmailLoginTest" time="0.88"/>
  <testcase classname="testcases.LoginTest" name="invalidPasswordLoginTest" time="3.545"/>
  <testcase classname="testcases.LoginTest" name="blankFieldsLoginTest" time="0.291"/>
  <testcase classname="testcases.RegisterTest" name="validRegistrationTest" time="8.834"/>
  <testcase classname="testcases.RegisterTest" name="duplicateEmailRegistrationTest" time="1.875"/>
  <testcase classname="testcases.RegisterTest" name="passwordMismatchTest" time="1.365"/>
  <testcase classname="testcases.RegisterTest" name="blankFieldsRegistrationTest" time="0.78"/>
  <testcase classname="testcases.ProductTest" name="searchLaptopTest" time="1.593"/>
  <testcase classname="testcases.ProductTest" name="navigateAndSearchDesktopsTest" time="1.558"/>
</testsuite> <!-- AllTests -->
