<?xml version="1.0" encoding="UTF-8"?>
<!-- Generated by org.testng.reporters.JUnitXMLReporter -->
<testsuite ignored="0" hostname="DESKTOP-R8IOJLM" failures="24" tests="28" name="NopCommerce Tests" time="89.492" errors="0" timestamp="2025-09-06T16:25:12 IST">
  <testcase classname="io.cucumber.testng.AbstractTestNGCucumberTests" name="runScenario" time="3.911">
    <failure type="io.cucumber.testng.UndefinedStepException" message="The step &amp;apos;user is on products page&amp;apos; and 2 other step(s) are undefined.
You can implement these steps using the snippet(s) below:

@Given(&amp;quot;user is on products page&amp;quot;)
public void user_is_on_products_page() {
    // Write code here that turns the phrase above into concrete actions
    throw new io.cucumber.java.PendingException();
}
@When(&amp;quot;user adds product to cart&amp;quot;)
public void user_adds_product_to_cart() {
    // Write code here that turns the phrase above into concrete actions
    throw new io.cucumber.java.PendingException();
}
@Then(&amp;quot;cart count should increase&amp;quot;)
public void cart_count_should_increase() {
    // Write code here that turns the phrase above into concrete actions
    throw new io.cucumber.java.PendingException();
}
">
      <![CDATA[io.cucumber.testng.UndefinedStepException: The step 'user is on products page' and 2 other step(s) are undefined.
You can implement these steps using the snippet(s) below:

@Given("user is on products page")
public void user_is_on_products_page() {
    // Write code here that turns the phrase above into concrete actions
    throw new io.cucumber.java.PendingException();
}
@When("user adds product to cart")
public void user_adds_product_to_cart() {
    // Write code here that turns the phrase above into concrete actions
    throw new io.cucumber.java.PendingException();
}
@Then("cart count should increase")
public void cart_count_should_increase() {
    // Write code here that turns the phrase above into concrete actions
    throw new io.cucumber.java.PendingException();
}

at ✽.user is on products page(file:///C:/Users/USER/eclipse-workspace/nopcommerce-capstone/src/main/resources/features/cart.feature:4)
]]>
    </failure>
  </testcase> <!-- runScenario -->
  <testcase classname="io.cucumber.testng.AbstractTestNGCucumberTests" name="runScenario" time="1.147">
    <failure type="io.cucumber.testng.UndefinedStepException" message="The step &amp;apos;user has product in cart&amp;apos; is undefined.
You can implement this step using the snippet(s) below:

@Given(&amp;quot;user has product in cart&amp;quot;)
public void user_has_product_in_cart() {
    // Write code here that turns the phrase above into concrete actions
    throw new io.cucumber.java.PendingException();
}
">
      <![CDATA[io.cucumber.testng.UndefinedStepException: The step 'user has product in cart' is undefined.
You can implement this step using the snippet(s) below:

@Given("user has product in cart")
public void user_has_product_in_cart() {
    // Write code here that turns the phrase above into concrete actions
    throw new io.cucumber.java.PendingException();
}

at ✽.user has product in cart(file:///C:/Users/USER/eclipse-workspace/nopcommerce-capstone/src/main/resources/features/cart.feature:9)
]]>
    </failure>
  </testcase> <!-- runScenario -->
  <testcase classname="io.cucumber.testng.AbstractTestNGCucumberTests" name="runScenario" time="1.099">
    <failure type="io.cucumber.testng.UndefinedStepException" message="The step &amp;apos;user is on products page&amp;apos; and 2 other step(s) are undefined.
You can implement these steps using the snippet(s) below:

@Given(&amp;quot;user is on products page&amp;quot;)
public void user_is_on_products_page() {
    // Write code here that turns the phrase above into concrete actions
    throw new io.cucumber.java.PendingException();
}
@When(&amp;quot;user adds {string} to cart&amp;quot;)
public void user_adds_to_cart(String string) {
    // Write code here that turns the phrase above into concrete actions
    throw new io.cucumber.java.PendingException();
}
@Then(&amp;quot;cart should reflect {string}&amp;quot;)
public void cart_should_reflect(String string) {
    // Write code here that turns the phrase above into concrete actions
    throw new io.cucumber.java.PendingException();
}
">
      <![CDATA[io.cucumber.testng.UndefinedStepException: The step 'user is on products page' and 2 other step(s) are undefined.
You can implement these steps using the snippet(s) below:

@Given("user is on products page")
public void user_is_on_products_page() {
    // Write code here that turns the phrase above into concrete actions
    throw new io.cucumber.java.PendingException();
}
@When("user adds {string} to cart")
public void user_adds_to_cart(String string) {
    // Write code here that turns the phrase above into concrete actions
    throw new io.cucumber.java.PendingException();
}
    // Write code here that turns the phrase above into concrete actions
    throw new io.cucumber.java.PendingException();
}

at ✽.user is on products page(file:///C:/Users/USER/eclipse-workspace/nopcommerce-capstone/src/main/resources/features/cart.feature:14)
... Removed 2 stack frames]]>
    </failure>
  </testcase> <!-- runScenario -->
  <testcase classname="io.cucumber.testng.AbstractTestNGCucumberTests" name="runScenario" time="1.261">
    <failure type="io.cucumber.testng.UndefinedStepException" message="The step &amp;apos;user is on products page&amp;apos; and 2 other step(s) are undefined.
You can implement these steps using the snippet(s) below:

@Given(&amp;quot;user is on products page&amp;quot;)
public void user_is_on_products_page() {
    // Write code here that turns the phrase above into concrete actions
    throw new io.cucumber.java.PendingException();
}
@When(&amp;quot;user adds {string} to cart&amp;quot;)
public void user_adds_to_cart(String string) {
    // Write code here that turns the phrase above into concrete actions
    throw new io.cucumber.java.PendingException();
}
@Then(&amp;quot;cart should reflect {string}&amp;quot;)
public void cart_should_reflect(String string) {
    // Write code here that turns the phrase above into concrete actions
    throw new io.cucumber.java.PendingException();
}
">
      <![CDATA[io.cucumber.testng.UndefinedStepException: The step 'user is on products page' and 2 other step(s) are undefined.
You can implement these steps using the snippet(s) below:

@Given("user is on products page")
public void user_is_on_products_page() {
    // Write code here that turns the phrase above into concrete actions
    throw new io.cucumber.java.PendingException();
}
@When("user adds {string} to cart")
public void user_adds_to_cart(String string) {
    // Write code here that turns the phrase above into concrete actions
    throw new io.cucumber.java.PendingException();
}
    // Write code here that turns the phrase above into concrete actions
    throw new io.cucumber.java.PendingException();
}

at ✽.user is on products page(file:///C:/Users/USER/eclipse-workspace/nopcommerce-capstone/src/main/resources/features/cart.feature:14)
... Removed 2 stack frames]]>
    </failure>
  </testcase> <!-- runScenario -->
  <testcase classname="io.cucumber.testng.AbstractTestNGCucumberTests" name="runScenario" time="1.098">
    <failure type="io.cucumber.testng.UndefinedStepException" message="The step &amp;apos;user is on products page&amp;apos; and 2 other step(s) are undefined.
You can implement these steps using the snippet(s) below:

@Given(&amp;quot;user is on products page&amp;quot;)
public void user_is_on_products_page() {
    // Write code here that turns the phrase above into concrete actions
    throw new io.cucumber.java.PendingException();
}
@When(&amp;quot;user adds {string} to cart&amp;quot;)
public void user_adds_to_cart(String string) {
    // Write code here that turns the phrase above into concrete actions
    throw new io.cucumber.java.PendingException();
}
@Then(&amp;quot;cart should reflect {string}&amp;quot;)
public void cart_should_reflect(String string) {
    // Write code here that turns the phrase above into concrete actions
    throw new io.cucumber.java.PendingException();
}
">
      <![CDATA[io.cucumber.testng.UndefinedStepException: The step 'user is on products page' and 2 other step(s) are undefined.
You can implement these steps using the snippet(s) below:

@Given("user is on products page")
public void user_is_on_products_page() {
    // Write code here that turns the phrase above into concrete actions
    throw new io.cucumber.java.PendingException();
}
@When("user adds {string} to cart")
public void user_adds_to_cart(String string) {
    // Write code here that turns the phrase above into concrete actions
    throw new io.cucumber.java.PendingException();
}
    // Write code here that turns the phrase above into concrete actions
    throw new io.cucumber.java.PendingException();
}

at ✽.user is on products page(file:///C:/Users/USER/eclipse-workspace/nopcommerce-capstone/src/main/resources/features/cart.feature:14)
... Removed 2 stack frames]]>
    </failure>
  </testcase> <!-- runScenario -->
  <testcase classname="io.cucumber.testng.AbstractTestNGCucumberTests" name="runScenario" time="1.07">
    <failure type="io.cucumber.testng.UndefinedStepException" message="The step &amp;apos;user is on products page&amp;apos; and 2 other step(s) are undefined.
You can implement these steps using the snippet(s) below:

@Given(&amp;quot;user is on products page&amp;quot;)
public void user_is_on_products_page() {
    // Write code here that turns the phrase above into concrete actions
    throw new io.cucumber.java.PendingException();
}
@When(&amp;quot;user adds {string} to cart&amp;quot;)
public void user_adds_to_cart(String string) {
    // Write code here that turns the phrase above into concrete actions
    throw new io.cucumber.java.PendingException();
}
@Then(&amp;quot;cart should reflect {string}&amp;quot;)
public void cart_should_reflect(String string) {
    // Write code here that turns the phrase above into concrete actions
    throw new io.cucumber.java.PendingException();
}
">
      <![CDATA[io.cucumber.testng.UndefinedStepException: The step 'user is on products page' and 2 other step(s) are undefined.
You can implement these steps using the snippet(s) below:

@Given("user is on products page")
public void user_is_on_products_page() {
    // Write code here that turns the phrase above into concrete actions
    throw new io.cucumber.java.PendingException();
}
@When("user adds {string} to cart")
public void user_adds_to_cart(String string) {
    // Write code here that turns the phrase above into concrete actions
    throw new io.cucumber.java.PendingException();
}
    // Write code here that turns the phrase above into concrete actions
    throw new io.cucumber.java.PendingException();
}

at ✽.user is on products page(file:///C:/Users/USER/eclipse-workspace/nopcommerce-capstone/src/main/resources/features/cart.feature:14)
... Removed 2 stack frames]]>
    </failure>
  </testcase> <!-- runScenario -->
  <testcase classname="io.cucumber.testng.AbstractTestNGCucumberTests" name="runScenario" time="1.08">
    <failure type="io.cucumber.testng.UndefinedStepException" message="The step &amp;apos;cart is empty&amp;apos; and 2 other step(s) are undefined.
You can implement these steps using the snippet(s) below:

@Given(&amp;quot;cart is empty&amp;quot;)
public void cart_is_empty() {
    // Write code here that turns the phrase above into concrete actions
    throw new io.cucumber.java.PendingException();
}
@When(&amp;quot;user tries to checkout&amp;quot;)
public void user_tries_to_checkout() {
    // Write code here that turns the phrase above into concrete actions
    throw new io.cucumber.java.PendingException();
}
@Then(&amp;quot;error message should display&amp;quot;)
public void error_message_should_display() {
    // Write code here that turns the phrase above into concrete actions
    throw new io.cucumber.java.PendingException();
}
">
      <![CDATA[io.cucumber.testng.UndefinedStepException: The step 'cart is empty' and 2 other step(s) are undefined.
You can implement these steps using the snippet(s) below:

@Given("cart is empty")
public void cart_is_empty() {
    // Write code here that turns the phrase above into concrete actions
    throw new io.cucumber.java.PendingException();
}
@When("user tries to checkout")
public void user_tries_to_checkout() {
    // Write code here that turns the phrase above into concrete actions
    throw new io.cucumber.java.PendingException();
}
@Then("error message should display")
public void error_message_should_display() {
    // Write code here that turns the phrase above into concrete actions
    throw new io.cucumber.java.PendingException();
}

at ✽.cart is empty(file:///C:/Users/USER/eclipse-workspace/nopcommerce-capstone/src/main/resources/features/checkout.feature:4)
]]>
    </failure>
  </testcase> <!-- runScenario -->
  <testcase classname="io.cucumber.testng.AbstractTestNGCucumberTests" name="runScenario" time="1.037">
    <failure type="io.cucumber.testng.UndefinedStepException" message="The step &amp;apos;cart has items&amp;apos; and 2 other step(s) are undefined.
You can implement these steps using the snippet(s) below:

@Given(&amp;quot;cart has items&amp;quot;)
public void cart_has_items() {
    // Write code here that turns the phrase above into concrete actions
    throw new io.cucumber.java.PendingException();
}
@When(&amp;quot;user pays with {string}&amp;quot;)
public void user_pays_with(String string) {
    // Write code here that turns the phrase above into concrete actions
    throw new io.cucumber.java.PendingException();
}
@Then(&amp;quot;order status should be {string}&amp;quot;)
public void order_status_should_be(String string) {
    // Write code here that turns the phrase above into concrete actions
    throw new io.cucumber.java.PendingException();
}
">
      <![CDATA[io.cucumber.testng.UndefinedStepException: The step 'cart has items' and 2 other step(s) are undefined.
You can implement these steps using the snippet(s) below:

@Given("cart has items")
public void cart_has_items() {
    // Write code here that turns the phrase above into concrete actions
    throw new io.cucumber.java.PendingException();
}
@When("user pays with {string}")
public void user_pays_with(String string) {
    // Write code here that turns the phrase above into concrete actions
    throw new io.cucumber.java.PendingException();
}
@Then("order status should be {string}")
public void order_status_should_be(String string) {
    // Write code here that turns the phrase above into concrete actions
    throw new io.cucumber.java.PendingException();
}

at ✽.cart has items(file:///C:/Users/USER/eclipse-workspace/nopcommerce-capstone/src/main/resources/features/checkout.feature:9)
]]>
    </failure>
  </testcase> <!-- runScenario -->
  <testcase classname="io.cucumber.testng.AbstractTestNGCucumberTests" name="runScenario" time="1.052">
    <failure type="io.cucumber.testng.UndefinedStepException" message="The step &amp;apos;cart has items&amp;apos; and 2 other step(s) are undefined.
You can implement these steps using the snippet(s) below:

@Given(&amp;quot;cart has items&amp;quot;)
public void cart_has_items() {
    // Write code here that turns the phrase above into concrete actions
    throw new io.cucumber.java.PendingException();
}
@When(&amp;quot;user pays with {string}&amp;quot;)
public void user_pays_with(String string) {
    // Write code here that turns the phrase above into concrete actions
    throw new io.cucumber.java.PendingException();
}
@Then(&amp;quot;order status should be {string}&amp;quot;)
public void order_status_should_be(String string) {
    // Write code here that turns the phrase above into concrete actions
    throw new io.cucumber.java.PendingException();
}
">
      <![CDATA[io.cucumber.testng.UndefinedStepException: The step 'cart has items' and 2 other step(s) are undefined.
You can implement these steps using the snippet(s) below:

@Given("cart has items")
public void cart_has_items() {
    // Write code here that turns the phrase above into concrete actions
    throw new io.cucumber.java.PendingException();
}
@When("user pays with {string}")
public void user_pays_with(String string) {
    // Write code here that turns the phrase above into concrete actions
    throw new io.cucumber.java.PendingException();
}
@Then("order status should be {string}")
public void order_status_should_be(String string) {
    // Write code here that turns the phrase above into concrete actions
    throw new io.cucumber.java.PendingException();
}

at ✽.cart has items(file:///C:/Users/USER/eclipse-workspace/nopcommerce-capstone/src/main/resources/features/checkout.feature:9)
]]>
    </failure>
  </testcase> <!-- runScenario -->
  <testcase classname="io.cucumber.testng.AbstractTestNGCucumberTests" name="runScenario" time="1.144">
    <failure type="io.cucumber.testng.UndefinedStepException" message="The step &amp;apos;cart has items&amp;apos; and 2 other step(s) are undefined.
You can implement these steps using the snippet(s) below:

@Given(&amp;quot;cart has items&amp;quot;)
public void cart_has_items() {
    // Write code here that turns the phrase above into concrete actions
    throw new io.cucumber.java.PendingException();
}
@When(&amp;quot;user pays with {string}&amp;quot;)
public void user_pays_with(String string) {
    // Write code here that turns the phrase above into concrete actions
    throw new io.cucumber.java.PendingException();
}
@Then(&amp;quot;order status should be {string}&amp;quot;)
public void order_status_should_be(String string) {
    // Write code here that turns the phrase above into concrete actions
    throw new io.cucumber.java.PendingException();
}
">
      <![CDATA[io.cucumber.testng.UndefinedStepException: The step 'cart has items' and 2 other step(s) are undefined.
You can implement these steps using the snippet(s) below:

@Given("cart has items")
public void cart_has_items() {
    // Write code here that turns the phrase above into concrete actions
    throw new io.cucumber.java.PendingException();
}
@When("user pays with {string}")
public void user_pays_with(String string) {
    // Write code here that turns the phrase above into concrete actions
    throw new io.cucumber.java.PendingException();
}
@Then("order status should be {string}")
public void order_status_should_be(String string) {
    // Write code here that turns the phrase above into concrete actions
    throw new io.cucumber.java.PendingException();
}

at ✽.cart has items(file:///C:/Users/USER/eclipse-workspace/nopcommerce-capstone/src/main/resources/features/checkout.feature:9)
]]>
    </failure>
  </testcase> <!-- runScenario -->
  <testcase classname="io.cucumber.testng.AbstractTestNGCucumberTests" name="runScenario" time="0.986">
    <failure type="io.cucumber.testng.UndefinedStepException" message="The step &amp;apos;cart has items&amp;apos; and 2 other step(s) are undefined.
You can implement these steps using the snippet(s) below:

@Given(&amp;quot;cart has items&amp;quot;)
public void cart_has_items() {
    // Write code here that turns the phrase above into concrete actions
    throw new io.cucumber.java.PendingException();
}
@When(&amp;quot;user pays with {string}&amp;quot;)
public void user_pays_with(String string) {
    // Write code here that turns the phrase above into concrete actions
    throw new io.cucumber.java.PendingException();
}
@Then(&amp;quot;order status should be {string}&amp;quot;)
public void order_status_should_be(String string) {
    // Write code here that turns the phrase above into concrete actions
    throw new io.cucumber.java.PendingException();
}
">
      <![CDATA[io.cucumber.testng.UndefinedStepException: The step 'cart has items' and 2 other step(s) are undefined.
You can implement these steps using the snippet(s) below:

@Given("cart has items")
public void cart_has_items() {
    // Write code here that turns the phrase above into concrete actions
    throw new io.cucumber.java.PendingException();
}
@When("user pays with {string}")
public void user_pays_with(String string) {
    // Write code here that turns the phrase above into concrete actions
    throw new io.cucumber.java.PendingException();
}
@Then("order status should be {string}")
public void order_status_should_be(String string) {
    // Write code here that turns the phrase above into concrete actions
    throw new io.cucumber.java.PendingException();
}

at ✽.cart has items(file:///C:/Users/USER/eclipse-workspace/nopcommerce-capstone/src/main/resources/features/checkout.feature:9)
]]>
    </failure>
  </testcase> <!-- runScenario -->
  <testcase classname="io.cucumber.testng.AbstractTestNGCucumberTests" name="runScenario" time="1.044">
    <failure type="io.cucumber.testng.UndefinedStepException" message="The step &amp;apos;user is on login page&amp;apos; and 2 other step(s) are undefined.
You can implement these steps using the snippet(s) below:

@Given(&amp;quot;user is on login page&amp;quot;)
public void user_is_on_login_page() {
    // Write code here that turns the phrase above into concrete actions
    throw new io.cucumber.java.PendingException();
}
@When(&amp;quot;user enters valid credentials&amp;quot;)
public void user_enters_valid_credentials() {
    // Write code here that turns the phrase above into concrete actions
    throw new io.cucumber.java.PendingException();
}
@Then(&amp;quot;user should be logged in&amp;quot;)
public void user_should_be_logged_in() {
    // Write code here that turns the phrase above into concrete actions
    throw new io.cucumber.java.PendingException();
}
">
      <![CDATA[io.cucumber.testng.UndefinedStepException: The step 'user is on login page' and 2 other step(s) are undefined.
You can implement these steps using the snippet(s) below:

@Given("user is on login page")
public void user_is_on_login_page() {
    // Write code here that turns the phrase above into concrete actions
    throw new io.cucumber.java.PendingException();
}
@When("user enters valid credentials")
public void user_enters_valid_credentials() {
    // Write code here that turns the phrase above into concrete actions
    throw new io.cucumber.java.PendingException();
}
@Then("user should be logged in")
public void user_should_be_logged_in() {
    // Write code here that turns the phrase above into concrete actions
    throw new io.cucumber.java.PendingException();
}

at ✽.user is on login page(file:///C:/Users/USER/eclipse-workspace/nopcommerce-capstone/src/main/resources/features/login.feature:4)
]]>
    </failure>
  </testcase> <!-- runScenario -->
  <testcase classname="io.cucumber.testng.AbstractTestNGCucumberTests" name="runScenario" time="1.081">
    <failure type="io.cucumber.testng.UndefinedStepException" message="The step &amp;apos;user is on login page&amp;apos; and 2 other step(s) are undefined.
You can implement these steps using the snippet(s) below:

@Given(&amp;quot;user is on login page&amp;quot;)
public void user_is_on_login_page() {
    // Write code here that turns the phrase above into concrete actions
    throw new io.cucumber.java.PendingException();
}
@When(&amp;quot;user enters invalid credentials&amp;quot;)
public void user_enters_invalid_credentials() {
    // Write code here that turns the phrase above into concrete actions
    throw new io.cucumber.java.PendingException();
}
@Then(&amp;quot;error message should be displayed&amp;quot;)
public void error_message_should_be_displayed() {
    // Write code here that turns the phrase above into concrete actions
    throw new io.cucumber.java.PendingException();
}
">
      <![CDATA[io.cucumber.testng.UndefinedStepException: The step 'user is on login page' and 2 other step(s) are undefined.
You can implement these steps using the snippet(s) below:

@Given("user is on login page")
public void user_is_on_login_page() {
    // Write code here that turns the phrase above into concrete actions
    throw new io.cucumber.java.PendingException();
}
@When("user enters invalid credentials")
public void user_enters_invalid_credentials() {
    // Write code here that turns the phrase above into concrete actions
    throw new io.cucumber.java.PendingException();
}
@Then("error message should be displayed")
public void error_message_should_be_displayed() {
    // Write code here that turns the phrase above into concrete actions
    throw new io.cucumber.java.PendingException();
}

at ✽.user is on login page(file:///C:/Users/USER/eclipse-workspace/nopcommerce-capstone/src/main/resources/features/login.feature:9)
]]>
    </failure>
  </testcase> <!-- runScenario -->
  <testcase classname="io.cucumber.testng.AbstractTestNGCucumberTests" name="runScenario" time="1.083">
    <failure type="io.cucumber.testng.UndefinedStepException" message="The step &amp;apos;user is on login page&amp;apos; and 2 other step(s) are undefined.
You can implement these steps using the snippet(s) below:

@Given(&amp;quot;user is on login page&amp;quot;)
public void user_is_on_login_page() {
    // Write code here that turns the phrase above into concrete actions
    throw new io.cucumber.java.PendingException();
}
@When(&amp;quot;user enters username {string} and password {string}&amp;quot;)
public void user_enters_username_and_password(String string, String string2) {
    // Write code here that turns the phrase above into concrete actions
    throw new io.cucumber.java.PendingException();
}
@Then(&amp;quot;user should see login result {string}&amp;quot;)
public void user_should_see_login_result(String string) {
    // Write code here that turns the phrase above into concrete actions
    throw new io.cucumber.java.PendingException();
}
">
      <![CDATA[io.cucumber.testng.UndefinedStepException: The step 'user is on login page' and 2 other step(s) are undefined.
You can implement these steps using the snippet(s) below:

@Given("user is on login page")
public void user_is_on_login_page() {
    // Write code here that turns the phrase above into concrete actions
    throw new io.cucumber.java.PendingException();
}
@When("user enters username {string} and password {string}")
public void user_enters_username_and_password(String string, String string2) {
    // Write code here that turns the phrase above into concrete actions
    throw new io.cucumber.java.PendingException();
}
@Then("user should see login result {string}")
public void user_should_see_login_result(String string) {
    // Write code here that turns the phrase above into concrete actions
    throw new io.cucumber.java.PendingException();
}

at ✽.user is on login page(file:///C:/Users/USER/eclipse-workspace/nopcommerce-capstone/src/main/resources/features/login.feature:14)
]]>
    </failure>
  </testcase> <!-- runScenario -->
  <testcase classname="io.cucumber.testng.AbstractTestNGCucumberTests" name="runScenario" time="1.07">
    <failure type="io.cucumber.testng.UndefinedStepException" message="The step &amp;apos;user is on login page&amp;apos; and 2 other step(s) are undefined.
You can implement these steps using the snippet(s) below:

@Given(&amp;quot;user is on login page&amp;quot;)
public void user_is_on_login_page() {
    // Write code here that turns the phrase above into concrete actions
    throw new io.cucumber.java.PendingException();
}
@When(&amp;quot;user enters username {string} and password {string}&amp;quot;)
public void user_enters_username_and_password(String string, String string2) {
    // Write code here that turns the phrase above into concrete actions
    throw new io.cucumber.java.PendingException();
}
@Then(&amp;quot;user should see login result {string}&amp;quot;)
public void user_should_see_login_result(String string) {
    // Write code here that turns the phrase above into concrete actions
    throw new io.cucumber.java.PendingException();
}
">
      <![CDATA[io.cucumber.testng.UndefinedStepException: The step 'user is on login page' and 2 other step(s) are undefined.
You can implement these steps using the snippet(s) below:

@Given("user is on login page")
public void user_is_on_login_page() {
    // Write code here that turns the phrase above into concrete actions
    throw new io.cucumber.java.PendingException();
}
@When("user enters username {string} and password {string}")
public void user_enters_username_and_password(String string, String string2) {
    // Write code here that turns the phrase above into concrete actions
    throw new io.cucumber.java.PendingException();
}
@Then("user should see login result {string}")
public void user_should_see_login_result(String string) {
    // Write code here that turns the phrase above into concrete actions
    throw new io.cucumber.java.PendingException();
}

at ✽.user is on login page(file:///C:/Users/USER/eclipse-workspace/nopcommerce-capstone/src/main/resources/features/login.feature:14)
]]>
    </failure>
  </testcase> <!-- runScenario -->
  <testcase classname="io.cucumber.testng.AbstractTestNGCucumberTests" name="runScenario" time="1.151">
    <failure type="io.cucumber.testng.UndefinedStepException" message="The step &amp;apos;user is on login page&amp;apos; and 2 other step(s) are undefined.
You can implement these steps using the snippet(s) below:

@Given(&amp;quot;user is on login page&amp;quot;)
public void user_is_on_login_page() {
    // Write code here that turns the phrase above into concrete actions
    throw new io.cucumber.java.PendingException();
}
@When(&amp;quot;user enters username {string} and password {string}&amp;quot;)
public void user_enters_username_and_password(String string, String string2) {
    // Write code here that turns the phrase above into concrete actions
    throw new io.cucumber.java.PendingException();
}
@Then(&amp;quot;user should see login result {string}&amp;quot;)
public void user_should_see_login_result(String string) {
    // Write code here that turns the phrase above into concrete actions
    throw new io.cucumber.java.PendingException();
}
">
      <![CDATA[io.cucumber.testng.UndefinedStepException: The step 'user is on login page' and 2 other step(s) are undefined.
You can implement these steps using the snippet(s) below:

@Given("user is on login page")
public void user_is_on_login_page() {
    // Write code here that turns the phrase above into concrete actions
    throw new io.cucumber.java.PendingException();
}
@When("user enters username {string} and password {string}")
public void user_enters_username_and_password(String string, String string2) {
    // Write code here that turns the phrase above into concrete actions
    throw new io.cucumber.java.PendingException();
}
@Then("user should see login result {string}")
public void user_should_see_login_result(String string) {
    // Write code here that turns the phrase above into concrete actions
    throw new io.cucumber.java.PendingException();
}

at ✽.user is on login page(file:///C:/Users/USER/eclipse-workspace/nopcommerce-capstone/src/main/resources/features/login.feature:14)
]]>
    </failure>
  </testcase> <!-- runScenario -->
  <testcase classname="io.cucumber.testng.AbstractTestNGCucumberTests" name="runScenario" time="1.38">
    <failure type="io.cucumber.testng.UndefinedStepException" message="The step &amp;apos;user is on login page&amp;apos; and 2 other step(s) are undefined.
You can implement these steps using the snippet(s) below:

@Given(&amp;quot;user is on login page&amp;quot;)
public void user_is_on_login_page() {
    // Write code here that turns the phrase above into concrete actions
    throw new io.cucumber.java.PendingException();
}
@When(&amp;quot;user enters username {string} and password {string}&amp;quot;)
public void user_enters_username_and_password(String string, String string2) {
    // Write code here that turns the phrase above into concrete actions
    throw new io.cucumber.java.PendingException();
}
@Then(&amp;quot;user should see login result {string}&amp;quot;)
public void user_should_see_login_result(String string) {
    // Write code here that turns the phrase above into concrete actions
    throw new io.cucumber.java.PendingException();
}
">
      <![CDATA[io.cucumber.testng.UndefinedStepException: The step 'user is on login page' and 2 other step(s) are undefined.
You can implement these steps using the snippet(s) below:

@Given("user is on login page")
public void user_is_on_login_page() {
    // Write code here that turns the phrase above into concrete actions
    throw new io.cucumber.java.PendingException();
}
@When("user enters username {string} and password {string}")
public void user_enters_username_and_password(String string, String string2) {
    // Write code here that turns the phrase above into concrete actions
    throw new io.cucumber.java.PendingException();
}
@Then("user should see login result {string}")
public void user_should_see_login_result(String string) {
    // Write code here that turns the phrase above into concrete actions
    throw new io.cucumber.java.PendingException();
}

at ✽.user is on login page(file:///C:/Users/USER/eclipse-workspace/nopcommerce-capstone/src/main/resources/features/login.feature:14)
]]>
    </failure>
  </testcase> <!-- runScenario -->
  <testcase classname="io.cucumber.testng.AbstractTestNGCucumberTests" name="runScenario" time="9.526"/>
  <testcase classname="io.cucumber.testng.AbstractTestNGCucumberTests" name="runScenario" time="3.728"/>
  <testcase classname="io.cucumber.testng.AbstractTestNGCucumberTests" name="runScenario" time="4.434"/>
  <testcase classname="io.cucumber.testng.AbstractTestNGCucumberTests" name="runScenario" time="12.148">
    <failure type="org.openqa.selenium.TimeoutException" message="Expected condition failed: waiting for visibility of element located by By.cssSelector: .product-title a (tried for 10 second(s) with 500 milliseconds interval)
Build info: version: &amp;apos;4.12.1&amp;apos;, revision: &amp;apos;8e34639b11&amp;apos;
System info: os.name: &amp;apos;Windows 11&amp;apos;, os.arch: &amp;apos;amd64&amp;apos;, os.version: &amp;apos;10.0&amp;apos;, java.version: &amp;apos;21.0.7&amp;apos;
Driver info: org.openqa.selenium.chrome.ChromeDriver
Capabilities {acceptInsecureCerts: false, browserName: chrome, browserVersion: 139.0.7258.155, chrome: {chromedriverVersion: 139.0.7258.154 (9e0d6b2b47f..., userDataDir: C:\Users\USER\AppData\Local...}, fedcm:accounts: true, goog:chromeOptions: {debuggerAddress: localhost:60262}, networkConnectionEnabled: false, pageLoadStrategy: normal, platformName: windows, proxy: Proxy(), se:cdp: ws://localhost:60262/devtoo..., se:cdpVersion: 139.0.7258.155, setWindowRect: true, strictFileInteractability: false, timeouts: {implicit: 0, pageLoad: 300000, script: 30000}, unhandledPromptBehavior: dismiss and notify, webauthn:extension:credBlob: true, webauthn:extension:largeBlob: true, webauthn:extension:minPinLength: true, webauthn:extension:prf: true, webauthn:virtualAuthenticators: true}
Session ID: 30ed369ad3c7508a44613d9ca4f37458">
      <![CDATA[org.openqa.selenium.TimeoutException: Expected condition failed: waiting for visibility of element located by By.cssSelector: .product-title a (tried for 10 second(s) with 500 milliseconds interval)
Build info: version: '4.12.1', revision: '8e34639b11'
System info: os.name: 'Windows 11', os.arch: 'amd64', os.version: '10.0', java.version: '21.0.7'
Driver info: org.openqa.selenium.chrome.ChromeDriver
Capabilities {acceptInsecureCerts: false, browserName: chrome, browserVersion: 139.0.7258.155, chrome: {chromedriverVersion: 139.0.7258.154 (9e0d6b2b47f..., userDataDir: C:\Users\USER\AppData\Local...}, fedcm:accounts: true, goog:chromeOptions: {debuggerAddress: localhost:60262}, networkConnectionEnabled: false, pageLoadStrategy: normal, platformName: windows, proxy: Proxy(), se:cdp: ws://localhost:60262/devtoo..., se:cdpVersion: 139.0.7258.155, setWindowRect: true, strictFileInteractability: false, timeouts: {implicit: 0, pageLoad: 300000, script: 30000}, unhandledPromptBehavior: dismiss and notify, webauthn:extension:credBlob: true, webauthn:extension:largeBlob: true, webauthn:extension:minPinLength: true, webauthn:extension:prf: true, webauthn:virtualAuthenticators: true}
Session ID: 30ed369ad3c7508a44613d9ca4f37458
at org.openqa.selenium.support.ui.WebDriverWait.timeoutException(WebDriverWait.java:84)
at org.openqa.selenium.support.ui.FluentWait.until(FluentWait.java:230)
at utils.WaitUtil.waitForElementVisible(WaitUtil.java:12)
at stepdefinitions.ProductSteps.search_results_should_display(ProductSteps.java:32)
at ✽.search results should display "Headphones"(file:///C:/Users/USER/eclipse-workspace/nopcommerce-capstone/src/main/resources/features/product.feature:6)
]]>
    </failure>
  </testcase> <!-- runScenario -->
  <testcase classname="io.cucumber.testng.AbstractTestNGCucumberTests" name="runScenario" time="1.04">
    <failure type="io.cucumber.testng.UndefinedStepException" message="The step &amp;apos;user is on products page&amp;apos; and 2 other step(s) are undefined.
You can implement these steps using the snippet(s) below:

@Given(&amp;quot;user is on products page&amp;quot;)
public void user_is_on_products_page() {
    // Write code here that turns the phrase above into concrete actions
    throw new io.cucumber.java.PendingException();
}
@When(&amp;quot;user filters by {string}&amp;quot;)
public void user_filters_by(String string) {
    // Write code here that turns the phrase above into concrete actions
    throw new io.cucumber.java.PendingException();
}
@Then(&amp;quot;only electronics products are shown&amp;quot;)
public void only_electronics_products_are_shown() {
    // Write code here that turns the phrase above into concrete actions
    throw new io.cucumber.java.PendingException();
}
">
      <![CDATA[io.cucumber.testng.UndefinedStepException: The step 'user is on products page' and 2 other step(s) are undefined.
You can implement these steps using the snippet(s) below:

@Given("user is on products page")
public void user_is_on_products_page() {
    // Write code here that turns the phrase above into concrete actions
    throw new io.cucumber.java.PendingException();
}
@When("user filters by {string}")
public void user_filters_by(String string) {
    // Write code here that turns the phrase above into concrete actions
    throw new io.cucumber.java.PendingException();
}
@Then("only electronics products are shown")
public void only_electronics_products_are_shown() {
    // Write code here that turns the phrase above into concrete actions
    throw new io.cucumber.java.PendingException();
}

at ✽.user is on products page(file:///C:/Users/USER/eclipse-workspace/nopcommerce-capstone/src/main/resources/features/product.feature:16)
]]>
    </failure>
  </testcase> <!-- runScenario -->
  <testcase classname="io.cucumber.testng.AbstractTestNGCucumberTests" name="runScenario" time="4.96"/>
  <testcase classname="io.cucumber.testng.AbstractTestNGCucumberTests" name="runScenario" time="3.949">
    <failure type="io.cucumber.testng.UndefinedStepException" message="The step &amp;apos;user enters already registered email&amp;apos; and 1 other step(s) are undefined.
You can implement these steps using the snippet(s) below:

@When(&amp;quot;user enters already registered email&amp;quot;)
public void user_enters_already_registered_email() {
    // Write code here that turns the phrase above into concrete actions
    throw new io.cucumber.java.PendingException();
}
@Then(&amp;quot;error message should be displayed&amp;quot;)
public void error_message_should_be_displayed() {
    // Write code here that turns the phrase above into concrete actions
    throw new io.cucumber.java.PendingException();
}
">
      <![CDATA[io.cucumber.testng.UndefinedStepException: The step 'user enters already registered email' and 1 other step(s) are undefined.
You can implement these steps using the snippet(s) below:

@When("user enters already registered email")
public void user_enters_already_registered_email() {
    // Write code here that turns the phrase above into concrete actions
    throw new io.cucumber.java.PendingException();
}
@Then("error message should be displayed")
public void error_message_should_be_displayed() {
    // Write code here that turns the phrase above into concrete actions
    throw new io.cucumber.java.PendingException();
}

at ✽.user enters already registered email(file:///C:/Users/USER/eclipse-workspace/nopcommerce-capstone/src/main/resources/features/register.feature:10)
]]>
    </failure>
  </testcase> <!-- runScenario -->
  <testcase classname="io.cucumber.testng.AbstractTestNGCucumberTests" name="runScenario" time="11.385">
    <failure type="io.cucumber.testng.UndefinedStepException" message="The step &amp;apos;user registers with &amp;quot;a@a.com&amp;quot; and &amp;quot;pass123&amp;quot;&amp;apos; and 1 other step(s) are undefined.
You can implement these steps using the snippet(s) below:

@When(&amp;quot;user registers with {string} and {string}&amp;quot;)
public void user_registers_with_and(String string, String string2) {
    // Write code here that turns the phrase above into concrete actions
    throw new io.cucumber.java.PendingException();
}
@Then(&amp;quot;result should be {string}&amp;quot;)
public void result_should_be(String string) {
    // Write code here that turns the phrase above into concrete actions
    throw new io.cucumber.java.PendingException();
}
">
      <![CDATA[io.cucumber.testng.UndefinedStepException: The step 'user registers with "a@a.com" and "pass123"' and 1 other step(s) are undefined.
You can implement these steps using the snippet(s) below:

@When("user registers with {string} and {string}")
public void user_registers_with_and(String string, String string2) {
    // Write code here that turns the phrase above into concrete actions
    throw new io.cucumber.java.PendingException();
}
@Then("result should be {string}")
public void result_should_be(String string) {
    // Write code here that turns the phrase above into concrete actions
    throw new io.cucumber.java.PendingException();
}

at ✽.user registers with "a@a.com" and "pass123"(file:///C:/Users/USER/eclipse-workspace/nopcommerce-capstone/src/main/resources/features/register.feature:15)
]]>
    </failure>
  </testcase> <!-- runScenario -->
  <testcase classname="io.cucumber.testng.AbstractTestNGCucumberTests" name="runScenario" time="4.758">
    <failure type="io.cucumber.testng.UndefinedStepException" message="The step &amp;apos;user registers with &amp;quot;b@b.com&amp;quot; and &amp;quot;pass123&amp;quot;&amp;apos; and 1 other step(s) are undefined.
You can implement these steps using the snippet(s) below:

@When(&amp;quot;user registers with {string} and {string}&amp;quot;)
public void user_registers_with_and(String string, String string2) {
    // Write code here that turns the phrase above into concrete actions
    throw new io.cucumber.java.PendingException();
}
@Then(&amp;quot;result should be {string}&amp;quot;)
public void result_should_be(String string) {
    // Write code here that turns the phrase above into concrete actions
    throw new io.cucumber.java.PendingException();
}
">
      <![CDATA[io.cucumber.testng.UndefinedStepException: The step 'user registers with "b@b.com" and "pass123"' and 1 other step(s) are undefined.
You can implement these steps using the snippet(s) below:

@When("user registers with {string} and {string}")
public void user_registers_with_and(String string, String string2) {
    // Write code here that turns the phrase above into concrete actions
    throw new io.cucumber.java.PendingException();
}
@Then("result should be {string}")
public void result_should_be(String string) {
    // Write code here that turns the phrase above into concrete actions
    throw new io.cucumber.java.PendingException();
}

at ✽.user registers with "b@b.com" and "pass123"(file:///C:/Users/USER/eclipse-workspace/nopcommerce-capstone/src/main/resources/features/register.feature:15)
]]>
    </failure>
  </testcase> <!-- runScenario -->
  <testcase classname="io.cucumber.testng.AbstractTestNGCucumberTests" name="runScenario" time="7.093">
    <failure type="io.cucumber.testng.UndefinedStepException" message="The step &amp;apos;user registers with &amp;quot;c@c.com&amp;quot; and &amp;quot;pass123&amp;quot;&amp;apos; and 1 other step(s) are undefined.
You can implement these steps using the snippet(s) below:

@When(&amp;quot;user registers with {string} and {string}&amp;quot;)
public void user_registers_with_and(String string, String string2) {
    // Write code here that turns the phrase above into concrete actions
    throw new io.cucumber.java.PendingException();
}
@Then(&amp;quot;result should be {string}&amp;quot;)
public void result_should_be(String string) {
    // Write code here that turns the phrase above into concrete actions
    throw new io.cucumber.java.PendingException();
}
">
      <![CDATA[io.cucumber.testng.UndefinedStepException: The step 'user registers with "c@c.com" and "pass123"' and 1 other step(s) are undefined.
You can implement these steps using the snippet(s) below:

@When("user registers with {string} and {string}")
public void user_registers_with_and(String string, String string2) {
    // Write code here that turns the phrase above into concrete actions
    throw new io.cucumber.java.PendingException();
}
@Then("result should be {string}")
public void result_should_be(String string) {
    // Write code here that turns the phrase above into concrete actions
    throw new io.cucumber.java.PendingException();
}

at ✽.user registers with "c@c.com" and "pass123"(file:///C:/Users/USER/eclipse-workspace/nopcommerce-capstone/src/main/resources/features/register.feature:15)
]]>
    </failure>
  </testcase> <!-- runScenario -->
  <testcase classname="io.cucumber.testng.AbstractTestNGCucumberTests" name="runScenario" time="3.889">
    <failure type="io.cucumber.testng.UndefinedStepException" message="The step &amp;apos;user registers with &amp;quot;d@d.com&amp;quot; and &amp;quot;pass123&amp;quot;&amp;apos; and 1 other step(s) are undefined.
You can implement these steps using the snippet(s) below:

@When(&amp;quot;user registers with {string} and {string}&amp;quot;)
public void user_registers_with_and(String string, String string2) {
    // Write code here that turns the phrase above into concrete actions
    throw new io.cucumber.java.PendingException();
}
@Then(&amp;quot;result should be {string}&amp;quot;)
public void result_should_be(String string) {
    // Write code here that turns the phrase above into concrete actions
    throw new io.cucumber.java.PendingException();
}
">
      <![CDATA[io.cucumber.testng.UndefinedStepException: The step 'user registers with "d@d.com" and "pass123"' and 1 other step(s) are undefined.
You can implement these steps using the snippet(s) below:

@When("user registers with {string} and {string}")
public void user_registers_with_and(String string, String string2) {
    // Write code here that turns the phrase above into concrete actions
    throw new io.cucumber.java.PendingException();
}
@Then("result should be {string}")
public void result_should_be(String string) {
    // Write code here that turns the phrase above into concrete actions
    throw new io.cucumber.java.PendingException();
}

at ✽.user registers with "d@d.com" and "pass123"(file:///C:/Users/USER/eclipse-workspace/nopcommerce-capstone/src/main/resources/features/register.feature:15)
]]>
    </failure>
  </testcase> <!-- runScenario -->
</testsuite> <!-- NopCommerce Tests -->
