<?xml version="1.0" encoding="UTF-8"?>
<!-- Generated by org.testng.reporters.JUnitXMLReporter -->
<testsuite ignored="0" hostname="DESKTOP-R8IOJLM" failures="0" tests="4" name="ProductCartTests" time="0.027" errors="0" timestamp="2025-09-07T12:58:11 IST">
  <testcase classname="testcases.ProductTest" name="addSingleProductToCart" time="0.0">
    <skipped/>
  </testcase> <!-- addSingleProductToCart -->
  <testcase classname="testcases.ProductTest" name="addMultipleProductsToCart" time="0.0">
    <skipped/>
  </testcase> <!-- addMultipleProductsToCart -->
  <testcase classname="testcases.CartTest" name="addProductToCartTest" time="0.0">
    <skipped/>
  </testcase> <!-- addProductToCartTest -->
  <testcase classname="testcases.CartTest" name="removeProductFromCartTest" time="0.0">
    <skipped/>
  </testcase> <!-- removeProductFromCartTest -->
</testsuite> <!-- ProductCartTests -->
